<?xml version="1.0" encoding="UTF-8"?>
<!-- Generated by org.testng.reporters.JUnitReportReporter -->
<testsuite skipped="0" hostname="HYDPCM283953L" name="com.poc.springbootstrap.SpringContextTest" tests="1" failures="0" timestamp="09 Jan 2020 15:52:59 GMT" time="2.251" errors="0">
  <testcase name="contextLoads" time="2.251" classname="com.poc.springbootstrap.SpringContextTest"/>
</testsuite> <!-- com.poc.springbootstrap.SpringContextTest -->
