<?xml version="1.0" encoding="UTF-8"?>
<!-- Generated by org.testng.reporters.JUnitReportReporter -->
<testsuite skipped="0" hostname="HYDPCM283953L" name="com.poc.springbootstrap.AppTest" tests="1" failures="0" timestamp="09 Jan 2020 15:52:59 GMT" time="0.017" errors="0">
  <testcase name="testApp" time="0.017" classname="com.poc.springbootstrap.AppTest"/>
</testsuite> <!-- com.poc.springbootstrap.AppTest -->
