<?xml version="1.0" encoding="UTF-8"?>
<!-- Generated by org.testng.reporters.JUnitReportReporter -->
<testsuite skipped="0" hostname="HYDPCM283953L" name="com.poc.springbootstrap.SpringBootBootstrapLiveTest" tests="3" failures="0" timestamp="09 Jan 2020 15:52:59 GMT" time="35.763" errors="0">
  <testcase name="simpleUriRoot" time="12.498" classname="com.poc.springbootstrap.SpringBootBootstrapLiveTest"/>
  <testcase name="simpleUriHome" time="11.639" classname="com.poc.springbootstrap.SpringBootBootstrapLiveTest"/>
  <testcase name="simpleUriHello" time="11.626" classname="com.poc.springbootstrap.SpringBootBootstrapLiveTest"/>
</testsuite> <!-- com.poc.springbootstrap.SpringBootBootstrapLiveTest -->
